<?xml version="1.0" encoding="UTF-8"?>
<!-- Generated by org.testng.reporters.JUnitReportReporter -->
<testsuite hostname="P4A-508SD4R" name="test.Registration_test" tests="1" failures="0" timestamp="25 Jul 2018 06:45:11 GMT" time="5.443" errors="0">
  <testcase name="register_test" time="5.443" classname="test.Registration_test"/>
</testsuite> <!-- test.Registration_test -->
