<?xml version="1.0" encoding="UTF-8"?>
<!-- Generated by org.testng.reporters.JUnitReportReporter -->
<testsuite hostname="P4A-508SD4R" name="utility.ExcelData" tests="1" failures="0" timestamp="25 Jul 2018 04:53:24 GMT" time="1.598" errors="0">
  <testcase name="printdata" time="1.598" classname="utility.ExcelData"/>
</testsuite> <!-- utility.ExcelData -->
